C:\USERS\XOMYS\DOCUMENTS\VISUAL STUDIO 2008\PROJECTS\OX\OX\DEBUG\OX.PCH
C:\USERS\XOMYS\DOCUMENTS\VISUAL STUDIO 2008\PROJECTS\OX\OX\DEBUG\STDAFX.OBJ
C:\USERS\XOMYS\DOCUMENTS\VISUAL STUDIO 2008\PROJECTS\OX\OX\DEBUG\VC110.PDB
C:\USERS\XOMYS\DOCUMENTS\VISUAL STUDIO 2008\PROJECTS\OX\OX\DEBUG\OX.OBJ
C:\USERS\XOMYS\DOCUMENTS\VISUAL STUDIO 2008\PROJECTS\OX\OX\DEBUG\ASSEMBLYINFO.OBJ
C:\USERS\XOMYS\DOCUMENTS\VISUAL STUDIO 2008\PROJECTS\OX\OX\DEBUG\.NETFRAMEWORK,VERSION=V4.0.ASSEMBLYATTRIBUTES.OBJ
C:\USERS\XOMYS\DOCUMENTS\VISUAL STUDIO 2008\PROJECTS\OX\DEBUG\OX.ILK
C:\USERS\XOMYS\DOCUMENTS\VISUAL STUDIO 2008\PROJECTS\OX\DEBUG\OX.EXE
C:\USERS\XOMYS\DOCUMENTS\VISUAL STUDIO 2008\PROJECTS\OX\DEBUG\OX.PDB
C:\Users\Xomys\Documents\Visual Studio 2008\Projects\OX\OX\Debug\OX.Form1.resources
C:\USERS\XOMYS\DOCUMENTS\VISUAL STUDIO 2008\PROJECTS\OX\OX\DEBUG\APP.RES
C:\Users\Xomys\Documents\Visual Studio 2008\Projects\OX\OX\Debug\OX.vcxproj.GenerateResource.Cache
C:\Users\Xomys\Documents\Visual Studio 2008\Projects\OX\OX\Debug\.NETFramework,Version=v4.0.AssemblyAttributes.obj
C:\Users\Xomys\Documents\Visual Studio 2008\Projects\OX\OX\Debug\AssemblyInfo.obj
C:\Users\Xomys\Documents\Visual Studio 2008\Projects\OX\OX\Debug\OX.obj
C:\Users\Xomys\Documents\Visual Studio 2008\Projects\OX\OX\Debug\stdafx.obj
C:\Users\Xomys\Documents\Visual Studio 2008\Projects\OX\OX\Debug\cl.command.1.tlog
C:\Users\Xomys\Documents\Visual Studio 2008\Projects\OX\OX\Debug\CL.read.1.tlog
C:\Users\Xomys\Documents\Visual Studio 2008\Projects\OX\OX\Debug\CL.write.1.tlog
C:\Users\Xomys\Documents\Visual Studio 2008\Projects\OX\OX\Debug\link.2916-cvtres.read.1.tlog
C:\Users\Xomys\Documents\Visual Studio 2008\Projects\OX\OX\Debug\link.2916-cvtres.write.1.tlog
C:\Users\Xomys\Documents\Visual Studio 2008\Projects\OX\OX\Debug\link.2916-rc.read.1.tlog
C:\Users\Xomys\Documents\Visual Studio 2008\Projects\OX\OX\Debug\link.2916-rc.write.1.tlog
C:\Users\Xomys\Documents\Visual Studio 2008\Projects\OX\OX\Debug\link.2916.read.1.tlog
C:\Users\Xomys\Documents\Visual Studio 2008\Projects\OX\OX\Debug\link.2916.write.1.tlog
C:\Users\Xomys\Documents\Visual Studio 2008\Projects\OX\OX\Debug\link.5544-cvtres.read.1.tlog
C:\Users\Xomys\Documents\Visual Studio 2008\Projects\OX\OX\Debug\link.5544-cvtres.write.1.tlog
C:\Users\Xomys\Documents\Visual Studio 2008\Projects\OX\OX\Debug\link.5544-rc.read.1.tlog
C:\Users\Xomys\Documents\Visual Studio 2008\Projects\OX\OX\Debug\link.5544-rc.write.1.tlog
C:\Users\Xomys\Documents\Visual Studio 2008\Projects\OX\OX\Debug\link.5544.read.1.tlog
C:\Users\Xomys\Documents\Visual Studio 2008\Projects\OX\OX\Debug\link.5544.write.1.tlog
C:\Users\Xomys\Documents\Visual Studio 2008\Projects\OX\OX\Debug\link.command.1.tlog
C:\Users\Xomys\Documents\Visual Studio 2008\Projects\OX\OX\Debug\link.read.1.tlog
C:\Users\Xomys\Documents\Visual Studio 2008\Projects\OX\OX\Debug\link.write.1.tlog
C:\Users\Xomys\Documents\Visual Studio 2008\Projects\OX\OX\Debug\metagen.read.1.tlog
C:\Users\Xomys\Documents\Visual Studio 2008\Projects\OX\OX\Debug\metagen.write.1.tlog
C:\Users\Xomys\Documents\Visual Studio 2008\Projects\OX\OX\Debug\OX.write.1.tlog
C:\Users\Xomys\Documents\Visual Studio 2008\Projects\OX\OX\Debug\rc.command.1.tlog
C:\Users\Xomys\Documents\Visual Studio 2008\Projects\OX\OX\Debug\rc.read.1.tlog
C:\Users\Xomys\Documents\Visual Studio 2008\Projects\OX\OX\Debug\rc.write.1.tlog
C:\Users\Xomys\Documents\Visual Studio 2008\Projects\OX\OX\Debug\app.res
C:\Users\Xomys\Documents\Visual Studio 2008\Projects\OX\OX\Debug\OX.pch
C:\Users\Xomys\Documents\Visual Studio 2008\Projects\OX\OX\Debug\vc110.pdb
C:\Users\Xomys\Documents\Visual Studio 2008\Projects\OX\OX\Debug\RSAENH.DLL.bi
C:\Users\Xomys\Documents\Visual Studio 2008\Projects\OX\OX\Debug\TZRES.DLL.bi
C:\Users\Xomys\Documents\Visual Studio 2008\Projects\OX\Debug\OX.pdb
C:\Users\Xomys\Documents\Visual Studio 2008\Projects\OX\Debug\OX.exe
C:\Users\Xomys\Documents\Visual Studio 2008\Projects\OX\Debug\OX.ilk
